<?xml version="1.0" encoding="UTF-8"?>
<!-- Generated by org.testng.reporters.JUnitXMLReporter -->
<testsuite ignored="0" hostname="DESKTOP-JOQGUVP" failures="0" tests="3" name="LoginTest" time="10.595" errors="0" timestamp="2021-09-13T13:56:21 IST">
  <testcase classname="com.crm.qa.testcases.LoginPageTest" name="loginPageTitleTest" time="1.237"/>
  <testcase classname="com.crm.qa.testcases.LoginPageTest" name="crmLogoImageTest" time="0.062"/>
  <testcase classname="com.crm.qa.testcases.LoginPageTest" name="loginTest" time="3.153"/>
</testsuite> <!-- LoginTest -->
